C51 COMPILER V9.53.0.0   PROGRAM                                                           07/17/2025 20:38:39 PAGE 1   


C51 COMPILER V9.53.0.0, COMPILATION OF MODULE PROGRAM
OBJECT MODULE PLACED IN program.OBJ
COMPILER INVOKED BY: C:\Keil_v5\C51\BIN\C51.EXE program.c BROWSE DEBUG OBJECTEXTEND

line level    source

   1          #include<reg51.h>
   2          void delay(int a);
   3          void main()
   4          {
   5   1       while(1)
   6   1       { 
   7   2         P2=0XC0;
   8   2         delay(200);
   9   2         P2=0XF9;
  10   2         delay(200);
  11   2         P2=0XA4;
  12   2         delay(200);
  13   2         P2=0XB0;
  14   2         delay(200);
  15   2         P2=0X99;
  16   2         delay(200);
  17   2         P2=0X92;
  18   2         delay(200);
  19   2         P2=0X82;
  20   2         delay(200);
  21   2         P2=0XF8;
  22   2         delay(200);
  23   2         P2=0X80;
  24   2         delay(200);
  25   2         P2=0X98;
  26   2         delay(200);
  27   2        }
  28   1        }
  29           void delay(int a)
  30           {
  31   1       int i,j;
  32   1       for(i=0;i<a;i++)
  33   1       {
  34   2        for(j=0;j<250;j++)
  35   2        {
  36   3        }
  37   2        }
  38   1        }


MODULE INFORMATION:   STATIC OVERLAYABLE
   CODE SIZE        =    104    ----
   CONSTANT SIZE    =   ----    ----
   XDATA SIZE       =   ----    ----
   PDATA SIZE       =   ----    ----
   DATA SIZE        =   ----    ----
   IDATA SIZE       =   ----    ----
   BIT SIZE         =   ----    ----
END OF MODULE INFORMATION.


C51 COMPILATION COMPLETE.  0 WARNING(S),  0 ERROR(S)
