C51 COMPILER V9.53.0.0   PROGRAM                                                           07/18/2025 11:33:28 PAGE 1   


C51 COMPILER V9.53.0.0, COMPILATION OF MODULE PROGRAM
OBJECT MODULE PLACED IN program.OBJ
COMPILER INVOKED BY: C:\Keil_v5\C51\BIN\C51.EXE program.c BROWSE DEBUG OBJECTEXTEND

line level    source

   1          #include <reg51.h>
   2          
   3          void delay(int a);
   4          
   5          // Keypad row and column pin mapping
   6          sbit R1 = P2^0;
   7          sbit R2 = P2^1;
   8          sbit R3 = P2^2;
   9          sbit R4 = P2^3;
  10          
  11          sbit C1 = P2^4;
  12          sbit C2 = P2^5;
  13          sbit C3 = P2^6;
  14          
  15          void main() {
  16   1              while(1) {
  17   2                      // Clear all rows and set to HIGH
  18   2                      R1 = R2 = R3 = R4 = C1 = C2 = C3 = 1;
  19   2      
  20   2                      // Scan Row 1 (R1 = 0)
  21   2                      R1 = 0;
  22   2                      if(C1 == 0) { P3 = 0xF9; delay(200); } // 1
  23   2                      else if(C2 == 0) { P3 = 0xA4; delay(200); } // 2
  24   2                      else if(C3 == 0) { P3 = 0xB0; delay(200); } // 3
  25   2      
  26   2                      // Reset all rows
  27   2                      R1 = R2 = R3 = R4 = C1 = C2 = C3 = 1;
  28   2      
  29   2                      // Scan Row 2 (R2 = 0)
  30   2                      R2 = 0;
  31   2                      if(C1 == 0) { P3 = 0x99; delay(200); } // 4
  32   2                      else if(C2 == 0) { P3 = 0x92; delay(200); } // 5
  33   2                      else if(C3 == 0) { P3 = 0x82; delay(200); } // 6
  34   2      
  35   2                      R1 = R2 = R3 = R4 = C1 = C2 = C3 = 1;
  36   2      
  37   2                      // Scan Row 3 (R3 = 0)
  38   2                      R3 = 0;
  39   2                      if(C1 == 0) { P3 = 0xF8; delay(200); } // 7
  40   2                      else if(C2 == 0) { P3 = 0x80; delay(200); } // 8
  41   2                      else if(C3 == 0) { P3 = 0x90; delay(200); } // 9
  42   2      
  43   2                      R1 = R2 = R3 = R4 = C1 = C2 = C3 = 1;
  44   2      
  45   2                      // Scan Row 4 (R4 = 0)
  46   2                      R4 = 0;
  47   2                      if(C1 == 0) { P3 = 0xC6; delay(200); } // * (any pattern)
  48   2                      else if(C2 == 0) { P3 = 0xC0; delay(200); } // 0
  49   2                      else if(C3 == 0) { P3 = 0x86; delay(200); } // # (any pattern)
  50   2              }
  51   1      }
  52          
  53          // Delay function
  54          void delay(int a) {
  55   1              int i, j;
C51 COMPILER V9.53.0.0   PROGRAM                                                           07/18/2025 11:33:28 PAGE 2   

  56   1              for(i = 0; i < a; i++) {
  57   2                      for(j = 0; j < 1275; j++);
  58   2              }
  59   1      }


MODULE INFORMATION:   STATIC OVERLAYABLE
   CODE SIZE        =    216    ----
   CONSTANT SIZE    =   ----    ----
   XDATA SIZE       =   ----    ----
   PDATA SIZE       =   ----    ----
   DATA SIZE        =   ----    ----
   IDATA SIZE       =   ----    ----
   BIT SIZE         =   ----    ----
END OF MODULE INFORMATION.


C51 COMPILATION COMPLETE.  0 WARNING(S),  0 ERROR(S)
