C51 COMPILER V9.53.0.0   PROGRAM                                                           07/17/2025 16:49:36 PAGE 1   


C51 COMPILER V9.53.0.0, COMPILATION OF MODULE PROGRAM
OBJECT MODULE PLACED IN program.OBJ
COMPILER INVOKED BY: C:\Keil_v5\C51\BIN\C51.EXE program.c BROWSE DEBUG OBJECTEXTEND

line level    source

   1          #include<reg51.h>
   2          sbit led =P3^0;
   3          sbit sw = P2^0;
   4          void main()
   5          {
   6   1       led =0;
   7   1       while(1)
   8   1       { 
   9   2        if(sw==0) //for pull up sw//
  10   2         {
  11   3          led =1;
  12   3         }
  13   2         else
  14   2         { 
  15   3         led=0;
  16   3         }
  17   2         }
  18   1        }


MODULE INFORMATION:   STATIC OVERLAYABLE
   CODE SIZE        =     13    ----
   CONSTANT SIZE    =   ----    ----
   XDATA SIZE       =   ----    ----
   PDATA SIZE       =   ----    ----
   DATA SIZE        =   ----    ----
   IDATA SIZE       =   ----    ----
   BIT SIZE         =   ----    ----
END OF MODULE INFORMATION.


C51 COMPILATION COMPLETE.  0 WARNING(S),  0 ERROR(S)
