C51 COMPILER V9.53.0.0   PROGRAM                                                           07/18/2025 07:39:17 PAGE 1   


C51 COMPILER V9.53.0.0, COMPILATION OF MODULE PROGRAM
OBJECT MODULE PLACED IN program.OBJ
COMPILER INVOKED BY: C:\Keil_v5\C51\BIN\C51.EXE program.c BROWSE DEBUG OBJECTEXTEND

line level    source

   1          #include <reg51.h>  // 8051 microcontroller header
   2          
   3          void delay(int time);  // Delay function prototype
   4          
   5          void main()
   6          {
   7   1          while(1)
   8   1          {
   9   2              // Motor A forward: P2.0 = 1, P2.1 = 0
  10   2              // Motor B reverse: P3.0 = 0, P3.1 = 1
  11   2              P2 = 0x01;  // 00000001 -> A1=1, A2=0
  12   2              P3 = 0x02;  // 00000010 -> B1=0, B2=1
  13   2              delay(2000);
  14   2      
  15   2              // Motor A reverse: P2.0 = 0, P2.1 = 1
  16   2              // Motor B forward: P3.0 = 1, P3.1 = 0
  17   2              P2 = 0x02;  // 00000010 -> A1=0, A2=1
  18   2              P3 = 0x01;  // 00000001 -> B1=1, B2=0
  19   2              delay(2000);
  20   2          }
  21   1      }
  22          
  23          // Software delay function
  24          void delay(int time)
  25          {
  26   1          int i, j;
  27   1          for(i = 0; i < time; i++)
  28   1          {
  29   2              for(j = 0; j < 250; j++)
  30   2              {
  31   3                  // Empty loop for delay
  32   3              }
  33   2          }
  34   1      }


MODULE INFORMATION:   STATIC OVERLAYABLE
   CODE SIZE        =     66    ----
   CONSTANT SIZE    =   ----    ----
   XDATA SIZE       =   ----    ----
   PDATA SIZE       =   ----    ----
   DATA SIZE        =   ----    ----
   IDATA SIZE       =   ----    ----
   BIT SIZE         =   ----    ----
END OF MODULE INFORMATION.


C51 COMPILATION COMPLETE.  0 WARNING(S),  0 ERROR(S)
