C51 COMPILER V9.53.0.0   PROGRAM                                                           07/18/2025 00:02:14 PAGE 1   


C51 COMPILER V9.53.0.0, COMPILATION OF MODULE PROGRAM
OBJECT MODULE PLACED IN program.OBJ
COMPILER INVOKED BY: C:\Keil_v5\C51\BIN\C51.EXE program.c BROWSE DEBUG OBJECTEXTEND

line level    source

   1          #include <reg51.h>
   2          
   3          // Define LCD control pins
   4          sbit RS = P1^0;  // Register Select
   5          sbit RW = P1^1;  // Read/Write
   6          sbit EN = P1^2;  // Enable
   7          
   8          // Function declarations
   9          void lcd_init();
  10          void lcd_cmd(unsigned char cmd);
  11          void lcd_data(unsigned char dat);
  12          void lcd_string(char *str);
  13          void delay(unsigned int ms);
  14          
  15          // Main function
  16          void main() {
  17   1          lcd_init();              // Initialize LCD
  18   1          lcd_string("Welcome");   // Display "Welcome" on 1st line
  19   1          lcd_cmd(0xC0);           // Move to 2nd line
  20   1          lcd_string("Home");      // Display "Home" on 2nd line
  21   1      
  22   1          while(1);                // Infinite loop to keep display on
  23   1      }
  24          
  25          // Initialize LCD
  26          void lcd_init() {
  27   1          lcd_cmd(0x38);   // 8-bit mode, 2-line, 5x7 matrix
  28   1          lcd_cmd(0x0C);   // Display ON, Cursor OFF
  29   1          lcd_cmd(0x01);   // Clear display
  30   1          lcd_cmd(0x80);   // Set cursor to beginning of first line
  31   1      }
  32          
  33          // Send command to LCD
  34          void lcd_cmd(unsigned char cmd) {
  35   1          P2 = cmd;        // Send command on data lines
  36   1          RS = 0;          // RS = 0 for command
  37   1          RW = 0;          // RW = 0 for write
  38   1          EN = 1;          // Enable pulse
  39   1          delay(2);
  40   1          EN = 0;
  41   1          delay(2);
  42   1      }
  43          
  44          // Send data (character) to LCD
  45          void lcd_data(unsigned char dat) {
  46   1          P2 = dat;        // Send data on data lines
  47   1          RS = 1;          // RS = 1 for data
  48   1          RW = 0;          // RW = 0 for write
  49   1          EN = 1;          // Enable pulse
  50   1          delay(2);
  51   1          EN = 0;
  52   1          delay(2);
  53   1      }
  54          
  55          // Send full string to LCD
C51 COMPILER V9.53.0.0   PROGRAM                                                           07/18/2025 00:02:14 PAGE 2   

  56          void lcd_string(char *str) {
  57   1          while(*str) {         // Until null character
  58   2              lcd_data(*str);   // Send each character
  59   2              str++;            // Move to next character
  60   2          }
  61   1      }
  62          
  63          // Simple delay function
  64          void delay(unsigned int ms) {
  65   1          unsigned int i, j;
  66   1          for(i = 0; i < ms; i++)
  67   1              for(j = 0; j < 1275; j++);
  68   1      }


MODULE INFORMATION:   STATIC OVERLAYABLE
   CODE SIZE        =    155    ----
   CONSTANT SIZE    =     13    ----
   XDATA SIZE       =   ----    ----
   PDATA SIZE       =   ----    ----
   DATA SIZE        =   ----       3
   IDATA SIZE       =   ----    ----
   BIT SIZE         =   ----    ----
END OF MODULE INFORMATION.


C51 COMPILATION COMPLETE.  0 WARNING(S),  0 ERROR(S)
