C51 COMPILER V9.53.0.0   PROGRAM                                                           07/17/2025 16:13:50 PAGE 1   


C51 COMPILER V9.53.0.0, COMPILATION OF MODULE PROGRAM
OBJECT MODULE PLACED IN program.OBJ
COMPILER INVOKED BY: C:\Keil_v5\C51\BIN\C51.EXE program.c BROWSE DEBUG OBJECTEXTEND

line level    source

   1            #include<reg51.h>
   2            void delay(int a);
   3            void main()
   4            {
   5   1        while(1)
   6   1        {
   7   2         P2=0x01;
   8   2         delay(200);
   9   2         P2=0x00;
  10   2         delay(200);
  11   2         }
  12   1      
  13   1         }
  14             void delay(int a)
  15             {
  16   1          int i,j;
  17   1              for(i=0;i<a;i++)
  18   1              { 
  19   2               for(j=0;j<250;j++)
  20   2               {
  21   3               }
  22   2              }
  23   1              }


MODULE INFORMATION:   STATIC OVERLAYABLE
   CODE SIZE        =     59    ----
   CONSTANT SIZE    =   ----    ----
   XDATA SIZE       =   ----    ----
   PDATA SIZE       =   ----    ----
   DATA SIZE        =   ----    ----
   IDATA SIZE       =   ----    ----
   BIT SIZE         =   ----    ----
END OF MODULE INFORMATION.


C51 COMPILATION COMPLETE.  0 WARNING(S),  0 ERROR(S)
