C51 COMPILER V9.53.0.0   PROGRAM                                                           07/18/2025 13:39:23 PAGE 1   


C51 COMPILER V9.53.0.0, COMPILATION OF MODULE PROGRAM
OBJECT MODULE PLACED IN program.OBJ
COMPILER INVOKED BY: C:\Keil_v5\C51\BIN\C51.EXE program.c BROWSE DEBUG OBJECTEXTEND

line level    source

   1          #include<reg51.h>
   2          void delay();
   3          void main()
   4          {
   5   1      while(1)
   6   1      {
   7   2       P2=0X00;
   8   2       delay();
   9   2       P2=0X01;
  10   2       delay();
  11   2       } }
  12           void delay()
  13           {
  14   1         TMOD=0X01;
  15   1         TH0=0XDC;
  16   1         TL0=0X00;
  17   1         TR0=1;
  18   1         while(TF0==0);
  19   1         TF0=0;
  20   1         TR0=0;
  21   1       }
  22           
  23           


MODULE INFORMATION:   STATIC OVERLAYABLE
   CODE SIZE        =     33    ----
   CONSTANT SIZE    =   ----    ----
   XDATA SIZE       =   ----    ----
   PDATA SIZE       =   ----    ----
   DATA SIZE        =   ----    ----
   IDATA SIZE       =   ----    ----
   BIT SIZE         =   ----    ----
END OF MODULE INFORMATION.


C51 COMPILATION COMPLETE.  0 WARNING(S),  0 ERROR(S)
