C51 COMPILER V9.53.0.0   PROJECT                                                           07/19/2025 22:31:39 PAGE 1   


C51 COMPILER V9.53.0.0, COMPILATION OF MODULE PROJECT
OBJECT MODULE PLACED IN project.OBJ
COMPILER INVOKED BY: C:\Keil_v5\C51\BIN\C51.EXE project.c BROWSE DEBUG OBJECTEXTEND

line level    source

   1          #include <reg51.h>
   2          
   3          void delay(int a);
   4          sbit led = P2^0;
   5          
   6          void isr_ex0() interrupt 0   // External interrupt 0 ISR
   7          {
   8   1          led = ~led;              // Toggle the LED
   9   1          delay(10);               // Small delay to debounce
  10   1      }
  11          
  12          void main()
  13          {
  14   1          P2 = 0x00;               // Initialize Port 2 to 0
  15   1          led = 0;                 // Ensure LED is off initially
  16   1      
  17   1          TCON = 0x01;             // Set IT0 = 1 (edge triggered), IE0 = 0
  18   1          IE = 0x81;               // Enable EA (global interrupt) and EX0 (external int 0)
  19   1      
  20   1          while(1);                // Infinite loop, wait for interrupt
  21   1      }
  22          
  23          void delay(int a)
  24          {
  25   1          int i, j;
  26   1          for(i = 0; i < a; i++)
  27   1              for(j = 0; j < 1275; j++);  // Approximate delay
  28   1      }


MODULE INFORMATION:   STATIC OVERLAYABLE
   CODE SIZE        =    116    ----
   CONSTANT SIZE    =   ----    ----
   XDATA SIZE       =   ----    ----
   PDATA SIZE       =   ----    ----
   DATA SIZE        =   ----    ----
   IDATA SIZE       =   ----    ----
   BIT SIZE         =   ----    ----
END OF MODULE INFORMATION.


C51 COMPILATION COMPLETE.  0 WARNING(S),  0 ERROR(S)
